#
# There is insufficient memory for the Java Runtime Environment to continue.
# Native memory allocation (malloc) failed to allocate 1151696 bytes for Chunk::new
# Possible reasons:
#   The system is out of physical RAM or swap space
#   The process is running with CompressedOops enabled, and the Java Heap may be blocking the growth of the native heap
# Possible solutions:
#   Reduce memory load on the system
#   Increase physical memory or swap space
#   Check if swap backing store is full
#   Decrease Java heap size (-Xmx/-Xms)
#   Decrease number of Java threads
#   Decrease Java thread stack sizes (-Xss)
#   Set larger code cache with -XX:ReservedCodeCacheSize=
#   JVM is running with Unscaled Compressed Oops mode in which the Java heap is
#     placed in the first 4GB address space. The Java Heap base address is the
#     maximum limit for the native heap growth. Please use -XX:HeapBaseMinAddress
#     to set the Java Heap base and to place the Java Heap above 4GB virtual address.
# This output file may be truncated or incomplete.
#
#  Out of Memory Error (allocation.cpp:389), pid=1484, tid=0x0000000000002374
#
# JRE version: Java(TM) SE Runtime Environment (8.0_231-b11) (build 1.8.0_231-b11)
# Java VM: Java HotSpot(TM) 64-Bit Server VM (25.231-b11 mixed mode windows-amd64 compressed oops)
# Failed to write core dump. Minidumps are not enabled by default on client versions of Windows
#

---------------  T H R E A D  ---------------

Current thread (0x000000001651f000):  JavaThread "C2 CompilerThread0" daemon [_thread_in_native, id=9076, stack(0x0000000017b60000,0x0000000017c60000)]

Stack: [0x0000000017b60000,0x0000000017c60000]
[error occurred during error reporting (printing stack bounds), id 0xc0000005]

Native frames: (J=compiled Java code, j=interpreted, Vv=VM code, C=native code)


Current CompileTask:
C2:1689933 29388       4       com.android.tools.r8.ir.conversion.o::a (1153 bytes)


---------------  P R O C E S S  ---------------

Java Threads: ( => current thread )
  0x000000002d6bb000 JavaThread "WorkerExecutor Queue Thread 5" [_thread_blocked, id=3368, stack(0x000000001eaa0000,0x000000001eba0000)]
  0x000000002d6b8000 JavaThread "Cache worker for Java compile cache (C:\Users\user\Documents\Android\.gradle\6.5\javaCompile)" [_thread_blocked, id=7156, stack(0x00000000227e0000,0x00000000228e0000)]
  0x000000002d6bc000 JavaThread "Cache worker for Java compile cache (C:\caches\6.5\javaCompile)" [_thread_blocked, id=7552, stack(0x000000001fca0000,0x000000001fda0000)]
  0x000000002d6bd800 JavaThread "WorkerExecutor Queue Thread 4" [_thread_blocked, id=8540, stack(0x000000001dca0000,0x000000001dda0000)]
  0x000000002d6b7800 JavaThread "RMI TCP Connection(idle)" daemon [_thread_blocked, id=3860, stack(0x000000001eea0000,0x000000001efa0000)]
  0x000000002d6af000 JavaThread "WorkerExecutor Queue Thread 2" [_thread_blocked, id=1240, stack(0x00000000326f0000,0x00000000327f0000)]
  0x000000002d6b2000 JavaThread "stdout" [_thread_in_native, id=8064, stack(0x0000000032db0000,0x0000000032eb0000)]
  0x000000002d6b3800 JavaThread "stderr" [_thread_in_native, id=5588, stack(0x0000000032040000,0x0000000032140000)]
  0x000000002d6b5000 JavaThread "pool-11-thread-1" [_thread_blocked, id=3392, stack(0x0000000032150000,0x0000000032250000)]
  0x000000002d6b1000 JavaThread "WorkerExecutor Queue" [_thread_blocked, id=928, stack(0x000000001e6a0000,0x000000001e7a0000)]
  0x000000002d6b4000 JavaThread "Cache worker for execution history cache (C:\Users\user\Documents\Android\.gradle\6.5\executionHistory)" [_thread_blocked, id=7444, stack(0x00000000325f0000,0x00000000326f0000)]
  0x0000000019174800 JavaThread "Execution worker for ':' Thread 3" [_thread_blocked, id=4420, stack(0x00000000324f0000,0x00000000325f0000)]
  0x0000000019176000 JavaThread "Execution worker for ':' Thread 2" [_thread_blocked, id=4788, stack(0x00000000323f0000,0x00000000324f0000)]
  0x0000000019175000 JavaThread "Execution worker for ':'" [_thread_in_native, id=3756, stack(0x00000000322f0000,0x00000000323f0000)]
  0x000000001916f000 JavaThread "Cache worker for file content cache (C:\Users\user\Documents\Android\.gradle\6.5\fileContent)" [_thread_blocked, id=5164, stack(0x0000000031f40000,0x0000000032040000)]
  0x0000000019173000 JavaThread "Cache worker for Build Output Cleanup Cache (C:\Users\user\Documents\Android\.gradle\buildOutputCleanup)" [_thread_blocked, id=6204, stack(0x0000000031e40000,0x0000000031f40000)]
  0x000000002af3a800 JavaThread "Build operations Thread 4" [_thread_blocked, id=8860, stack(0x000000001f3a0000,0x000000001f4a0000)]
  0x000000002af36800 JavaThread "Build operations Thread 3" [_thread_in_native, id=8116, stack(0x000000001eda0000,0x000000001eea0000)]
  0x000000002af36000 JavaThread "Build operations Thread 2" [_thread_in_Java, id=7296, stack(0x000000001e3a0000,0x000000001e4a0000)]
  0x000000002af33000 JavaThread "Build operations" [_thread_in_vm, id=3748, stack(0x000000001e2a0000,0x000000001e3a0000)]
  0x000000002af3a000 JavaThread "Cache worker for cache directory md-rule (C:\caches\6.5\md-rule)" [_thread_blocked, id=8728, stack(0x000000001e1a0000,0x000000001e2a0000)]
  0x000000002af37800 JavaThread "Cache worker for cache directory md-supplier (C:\caches\6.5\md-supplier)" [_thread_blocked, id=8092, stack(0x000000001e0a0000,0x000000001e1a0000)]
  0x000000002af39000 JavaThread "Cache worker for checksums cache (C:\Users\user\Documents\Android\.gradle\checksums)" [_thread_blocked, id=5564, stack(0x000000001dfa0000,0x000000001e0a0000)]
  0x000000002af29000 JavaThread "Cache worker for file hash cache (C:\Users\user\Documents\Android\.gradle\6.5\fileHashes)" [_thread_blocked, id=4120, stack(0x000000001dea0000,0x000000001dfa0000)]
  0x000000002af30000 JavaThread "Thread-733" [_thread_blocked, id=112, stack(0x000000001dda0000,0x000000001dea0000)]
  0x000000002af2e800 JavaThread "Asynchronous log dispatcher for DefaultDaemonConnection: socket connection from /127.0.0.1:55576 to /127.0.0.1:55954" [_thread_blocked, id=5732, stack(0x000000001d8f0000,0x000000001d9f0000)]
  0x000000002af2d800 JavaThread "Cancel handler" [_thread_blocked, id=8636, stack(0x000000001af50000,0x000000001b050000)]
  0x000000002af2d000 JavaThread "Handler for socket connection from /127.0.0.1:55576 to /127.0.0.1:55954" [_thread_in_native, id=7880, stack(0x000000001ac50000,0x000000001ad50000)]
  0x000000002af2a800 JavaThread "RMI Reaper" [_thread_blocked, id=3844, stack(0x000000001e9a0000,0x000000001eaa0000)]
  0x000000002af31800 JavaThread "RMI TCP Accept-0" daemon [_thread_in_native, id=3144, stack(0x000000001e8a0000,0x000000001e9a0000)]
  0x000000002af2a000 JavaThread "GC Daemon" daemon [_thread_blocked, id=5032, stack(0x000000001e7a0000,0x000000001e8a0000)]
  0x000000002af30800 JavaThread "RMI Scheduler(0)" daemon [_thread_blocked, id=4512, stack(0x000000001d7f0000,0x000000001d8f0000)]
  0x000000001c79e800 JavaThread "Java2D Disposer" daemon [_thread_blocked, id=5208, stack(0x0000000030740000,0x0000000030840000)]
  0x000000002b4cc800 JavaThread "Daemon worker Thread 4" [_thread_blocked, id=7860, stack(0x000000001ad50000,0x000000001ae50000)]
  0x000000002b4cb800 JavaThread "Daemon Thread 4" [_thread_blocked, id=7736, stack(0x000000001a370000,0x000000001a470000)]
  0x00000000199a9800 JavaThread "Memory manager" [_thread_blocked, id=4792, stack(0x0000000000f90000,0x0000000001090000)]
  0x000000001ba0d800 JavaThread "Cache worker for file content cache (C:\caches\6.5\fileContent)" [_thread_blocked, id=1020, stack(0x000000001fba0000,0x000000001fca0000)]
  0x000000001ba07800 JavaThread "Cache worker for execution history cache (C:\caches\6.5\executionHistory)" [_thread_blocked, id=6956, stack(0x000000001f6a0000,0x000000001f7a0000)]
  0x0000000019170800 JavaThread "Cache worker for file hash cache (C:\caches\6.5\fileHashes)" [_thread_blocked, id=6488, stack(0x000000001c520000,0x000000001c620000)]
  0x0000000019173800 JavaThread "File lock request listener" [_thread_in_native, id=8400, stack(0x000000001b450000,0x000000001b550000)]
  0x0000000019170000 JavaThread "Cache worker for journal cache (C:\caches\journal-1)" [_thread_blocked, id=4136, stack(0x000000001b250000,0x000000001b350000)]
  0x000000001929c000 JavaThread "Daemon periodic checks" [_thread_blocked, id=3740, stack(0x000000001a650000,0x000000001a750000)]
  0x000000001929a800 JavaThread "Incoming local TCP Connector on port 55576" [_thread_in_native, id=8032, stack(0x000000001a470000,0x000000001a570000)]
  0x0000000017f3c000 JavaThread "Daemon health stats" [_thread_blocked, id=744, stack(0x0000000019c30000,0x0000000019d30000)]
  0x0000000017e88800 JavaThread "Service Thread" daemon [_thread_blocked, id=4752, stack(0x0000000018260000,0x0000000018360000)]
  0x0000000016527000 JavaThread "C1 CompilerThread2" daemon [_thread_in_native, id=4092, stack(0x0000000017d60000,0x0000000017e60000)]
  0x0000000016524000 JavaThread "C2 CompilerThread1" daemon [_thread_in_native, id=8312, stack(0x0000000017c60000,0x0000000017d60000)]
=>0x000000001651f000 JavaThread "C2 CompilerThread0" daemon [_thread_in_native, id=9076, stack(0x0000000017b60000,0x0000000017c60000)]
  0x000000001651d800 JavaThread "Attach Listener" daemon [_thread_blocked, id=4716, stack(0x0000000017a60000,0x0000000017b60000)]
  0x000000001651c000 JavaThread "Signal Dispatcher" daemon [_thread_blocked, id=5592, stack(0x0000000017960000,0x0000000017a60000)]
  0x0000000002bac000 JavaThread "Finalizer" daemon [_thread_blocked, id=6684, stack(0x0000000017780000,0x0000000017880000)]
  0x0000000002ba3800 JavaThread "Reference Handler" daemon [_thread_blocked, id=2296, stack(0x0000000017680000,0x0000000017780000)]
  0x00000000028de000 JavaThread "main" [_thread_blocked, id=6588, stack(0x00000000029b0000,0x0000000002ab0000)]

Other Threads:
  0x00000000164e7000 VMThread [stack: 0x0000000017580000,0x0000000017680000] [id=7228]
  0x0000000017ea9000 WatcherThread [stack: 0x0000000018360000,0x0000000018460000] [id=2924]

VM state:not at safepoint (normal execution)

VM Mutex/Monitor currently owned by a thread: None

OutOfMemory and StackOverflow Exception counts:
OutOfMemoryError java_heap_errors=1

heap address: 0x00000000a0000000, size: 1536 MB, Compressed Oops mode: 32-bit
Narrow klass base: 0x0000000000000000, Narrow klass shift: 3
Compressed class space size: 1073741824 Address: 0x0000000100000000

Heap:
 PSYoungGen      total 387584K, used 185018K [0x00000000e0000000, 0x0000000100000000, 0x0000000100000000)
  eden space 253440K, 38% used [0x00000000e0000000,0x00000000e5eef618,0x00000000ef780000)
  from space 134144K, 65% used [0x00000000f7b80000,0x00000000fd13f578,0x00000000ffe80000)
  to   space 135168K, 0% used [0x00000000ef780000,0x00000000ef780000,0x00000000f7b80000)
 ParOldGen       total 223232K, used 193447K [0x00000000a0000000, 0x00000000ada00000, 0x00000000e0000000)
  object space 223232K, 86% used [0x00000000a0000000,0x00000000abce9d08,0x00000000ada00000)
 Metaspace       used 153307K, capacity 163017K, committed 163200K, reserved 1189888K
  class space    used 19992K, capacity 21853K, committed 21888K, reserved 1048576K

Card table byte_map: [0x0000000011f70000,0x0000000012280000] byte_map_base: 0x0000000011a70000

Marking Bits: (ParMarkBitMap*) 0x0000000069546d90
 Begin Bits: [0x0000000012880000, 0x0000000014080000)
 End Bits:   [0x0000000014080000, 0x0000000015880000)

Polling page: 0x0000000002830000

CodeCache: size=245760Kb used=81165Kb max_used=81165Kb free=164594Kb
 bounds [0x0000000002bb0000, 0x0000000007b60000, 0x0000000011bb0000]
 total_blobs=24343 nmethods=23264 adapters=988
 compilation: enabled

Compilation events (10 events):
Event: 1689.125 Thread 0x0000000016527000 nmethod 29502 0x0000000007b44610 code [0x0000000007b44780, 0x0000000007b44c48]
Event: 1689.128 Thread 0x0000000016527000 29503       3       java.util.PriorityQueue::<init> (8 bytes)
Event: 1689.128 Thread 0x0000000016527000 nmethod 29503 0x0000000007b44d90 code [0x0000000007b44f00, 0x0000000007b450a8]
Event: 1689.128 Thread 0x0000000016527000 29504       3       com.android.tools.r8.ir.regalloc.j::<init> (124 bytes)
Event: 1689.133 Thread 0x0000000016527000 nmethod 29504 0x0000000007b45150 code [0x0000000007b454a0, 0x0000000007b46f78]
Event: 1689.147 Thread 0x0000000016527000 29505       3       com.android.tools.r8.s.b.Y0::b (92 bytes)
Event: 1689.149 Thread 0x0000000016527000 nmethod 29505 0x0000000007b482d0 code [0x0000000007b48560, 0x0000000007b49478]
Event: 1689.149 Thread 0x0000000016527000 29506       3       com.android.tools.r8.ir.conversion.K::a (42 bytes)
Event: 1689.152 Thread 0x0000000016527000 nmethod 29506 0x0000000007b49b90 code [0x0000000007b49da0, 0x0000000007b4a6c8]
Event: 1689.154 Thread 0x0000000016527000 29507   !   3       com.android.tools.r8.utils.L::a (104 bytes)

GC Heap History (10 events):
Event: 1602.174 GC heap before
{Heap before GC invocations=44 (full 4):
 PSYoungGen      total 333824K, used 273973K [0x00000000e0000000, 0x00000000fec00000, 0x0000000100000000)
  eden space 189952K, 100% used [0x00000000e0000000,0x00000000eb980000,0x00000000eb980000)
  from space 143872K, 58% used [0x00000000eb980000,0x00000000f0b8d6b8,0x00000000f4600000)
  to   space 143872K, 0% used [0x00000000f5f80000,0x00000000f5f80000,0x00000000fec00000)
 ParOldGen       total 223232K, used 158523K [0x00000000a0000000, 0x00000000ada00000, 0x00000000e0000000)
  object space 223232K, 71% used [0x00000000a0000000,0x00000000a9acee50,0x00000000ada00000)
 Metaspace       used 137806K, capacity 145131K, committed 145280K, reserved 1175552K
  class space    used 17848K, capacity 19327K, committed 19328K, reserved 1048576K
Event: 1602.308 GC heap after
Heap after GC invocations=44 (full 4):
 PSYoungGen      total 353792K, used 83698K [0x00000000e0000000, 0x00000000fe880000, 0x0000000100000000)
  eden space 213504K, 0% used [0x00000000e0000000,0x00000000e0000000,0x00000000ed080000)
  from space 140288K, 59% used [0x00000000f5f80000,0x00000000fb13c868,0x00000000fe880000)
  to   space 143360K, 0% used [0x00000000ed080000,0x00000000ed080000,0x00000000f5c80000)
 ParOldGen       total 223232K, used 164470K [0x00000000a0000000, 0x00000000ada00000, 0x00000000e0000000)
  object space 223232K, 73% used [0x00000000a0000000,0x00000000aa09daa8,0x00000000ada00000)
 Metaspace       used 137806K, capacity 145131K, committed 145280K, reserved 1175552K
  class space    used 17848K, capacity 19327K, committed 19328K, reserved 1048576K
}
Event: 1625.115 GC heap before
{Heap before GC invocations=45 (full 4):
 PSYoungGen      total 353792K, used 297202K [0x00000000e0000000, 0x00000000fe880000, 0x0000000100000000)
  eden space 213504K, 100% used [0x00000000e0000000,0x00000000ed080000,0x00000000ed080000)
  from space 140288K, 59% used [0x00000000f5f80000,0x00000000fb13c868,0x00000000fe880000)
  to   space 143360K, 0% used [0x00000000ed080000,0x00000000ed080000,0x00000000f5c80000)
 ParOldGen       total 223232K, used 164470K [0x00000000a0000000, 0x00000000ada00000, 0x00000000e0000000)
  object space 223232K, 73% used [0x00000000a0000000,0x00000000aa09daa8,0x00000000ada00000)
 Metaspace       used 142123K, capacity 150383K, committed 150528K, reserved 1179648K
  class space    used 18557K, capacity 20182K, committed 20224K, reserved 1048576K
Event: 1625.236 GC heap after
Heap after GC invocations=45 (full 4):
 PSYoungGen      total 356864K, used 61600K [0x00000000e0000000, 0x00000000fef80000, 0x0000000100000000)
  eden space 213504K, 0% used [0x00000000e0000000,0x00000000e0000000,0x00000000ed080000)
  from space 143360K, 42% used [0x00000000ed080000,0x00000000f0ca8040,0x00000000f5c80000)
  to   space 136192K, 0% used [0x00000000f6a80000,0x00000000f6a80000,0x00000000fef80000)
 ParOldGen       total 223232K, used 193423K [0x00000000a0000000, 0x00000000ada00000, 0x00000000e0000000)
  object space 223232K, 86% used [0x00000000a0000000,0x00000000abce3d08,0x00000000ada00000)
 Metaspace       used 142123K, capacity 150383K, committed 150528K, reserved 1179648K
  class space    used 18557K, capacity 20182K, committed 20224K, reserved 1048576K
}
Event: 1646.758 GC heap before
{Heap before GC invocations=46 (full 4):
 PSYoungGen      total 356864K, used 275104K [0x00000000e0000000, 0x00000000fef80000, 0x0000000100000000)
  eden space 213504K, 100% used [0x00000000e0000000,0x00000000ed080000,0x00000000ed080000)
  from space 143360K, 42% used [0x00000000ed080000,0x00000000f0ca8040,0x00000000f5c80000)
  to   space 136192K, 0% used [0x00000000f6a80000,0x00000000f6a80000,0x00000000fef80000)
 ParOldGen       total 223232K, used 193423K [0x00000000a0000000, 0x00000000ada00000, 0x00000000e0000000)
  object space 223232K, 86% used [0x00000000a0000000,0x00000000abce3d08,0x00000000ada00000)
 Metaspace       used 145390K, capacity 153807K, committed 153984K, reserved 1183744K
  class space    used 18856K, capacity 20564K, committed 20608K, reserved 1048576K
Event: 1646.907 GC heap after
Heap after GC invocations=46 (full 4):
 PSYoungGen      total 355840K, used 61991K [0x00000000e0000000, 0x00000000fe180000, 0x0000000100000000)
  eden space 233984K, 0% used [0x00000000e0000000,0x00000000e0000000,0x00000000ee480000)
  from space 121856K, 50% used [0x00000000f6a80000,0x00000000fa709c00,0x00000000fe180000)
  to   space 129536K, 0% used [0x00000000ee480000,0x00000000ee480000,0x00000000f6300000)
 ParOldGen       total 223232K, used 193431K [0x00000000a0000000, 0x00000000ada00000, 0x00000000e0000000)
  object space 223232K, 86% used [0x00000000a0000000,0x00000000abce5d08,0x00000000ada00000)
 Metaspace       used 145390K, capacity 153807K, committed 153984K, reserved 1183744K
  class space    used 18856K, capacity 20564K, committed 20608K, reserved 1048576K
}
Event: 1674.242 GC heap before
{Heap before GC invocations=47 (full 4):
 PSYoungGen      total 355840K, used 295975K [0x00000000e0000000, 0x00000000fe180000, 0x0000000100000000)
  eden space 233984K, 100% used [0x00000000e0000000,0x00000000ee480000,0x00000000ee480000)
  from space 121856K, 50% used [0x00000000f6a80000,0x00000000fa709c00,0x00000000fe180000)
  to   space 129536K, 0% used [0x00000000ee480000,0x00000000ee480000,0x00000000f6300000)
 ParOldGen       total 223232K, used 193431K [0x00000000a0000000, 0x00000000ada00000, 0x00000000e0000000)
  object space 223232K, 86% used [0x00000000a0000000,0x00000000abce5d08,0x00000000ada00000)
 Metaspace       used 147794K, capacity 156519K, committed 156672K, reserved 1185792K
  class space    used 19221K, capacity 20950K, committed 20992K, reserved 1048576K
Event: 1674.394 GC heap after
Heap after GC invocations=47 (full 4):
 PSYoungGen      total 363520K, used 94169K [0x00000000e0000000, 0x00000000ffe80000, 0x0000000100000000)
  eden space 233984K, 0% used [0x00000000e0000000,0x00000000e0000000,0x00000000ee480000)
  from space 129536K, 72% used [0x00000000ee480000,0x00000000f4076450,0x00000000f6300000)
  to   space 134144K, 0% used [0x00000000f7b80000,0x00000000f7b80000,0x00000000ffe80000)
 ParOldGen       total 223232K, used 193439K [0x00000000a0000000, 0x00000000ada00000, 0x00000000e0000000)
  object space 223232K, 86% used [0x00000000a0000000,0x00000000abce7d08,0x00000000ada00000)
 Metaspace       used 147794K, capacity 156519K, committed 156672K, reserved 1185792K
  class space    used 19221K, capacity 20950K, committed 20992K, reserved 1048576K
}
Event: 1687.462 GC heap before
{Heap before GC invocations=48 (full 4):
 PSYoungGen      total 363520K, used 328153K [0x00000000e0000000, 0x00000000ffe80000, 0x0000000100000000)
  eden space 233984K, 100% used [0x00000000e0000000,0x00000000ee480000,0x00000000ee480000)
  from space 129536K, 72% used [0x00000000ee480000,0x00000000f4076450,0x00000000f6300000)
  to   space 134144K, 0% used [0x00000000f7b80000,0x00000000f7b80000,0x00000000ffe80000)
 ParOldGen       total 223232K, used 193439K [0x00000000a0000000, 0x00000000ada00000, 0x00000000e0000000)
  object space 223232K, 86% used [0x00000000a0000000,0x00000000abce7d08,0x00000000ada00000)
 Metaspace       used 152762K, capacity 162437K, committed 162688K, reserved 1189888K
  class space    used 19958K, capacity 21811K, committed 21888K, reserved 1048576K
Event: 1687.673 GC heap after
Heap after GC invocations=48 (full 4):
 PSYoungGen      total 387584K, used 87805K [0x00000000e0000000, 0x0000000100000000, 0x0000000100000000)
  eden space 253440K, 0% used [0x00000000e0000000,0x00000000e0000000,0x00000000ef780000)
  from space 134144K, 65% used [0x00000000f7b80000,0x00000000fd13f578,0x00000000ffe80000)
  to   space 135168K, 0% used [0x00000000ef780000,0x00000000ef780000,0x00000000f7b80000)
 ParOldGen       total 223232K, used 193447K [0x00000000a0000000, 0x00000000ada00000, 0x00000000e0000000)
  object space 223232K, 86% used [0x00000000a0000000,0x00000000abce9d08,0x00000000ada00000)
 Metaspace       used 152762K, capacity 162437K, committed 162688K, reserved 1189888K
  class space    used 19958K, capacity 21811K, committed 21888K, reserved 1048576K
}

Deoptimization events (10 events):
Event: 1686.995 Thread 0x000000002af36000 Uncommon trap: reason=bimorphic action=maybe_recompile pc=0x00000000076ffd78 method=com.android.tools.r8.s.b.s1.a(Lcom/android/tools/r8/s/a/p/u;)Lcom/android/tools/r8/s/b/s1; @ 12
Event: 1686.995 Thread 0x000000002af36000 Uncommon trap: reason=bimorphic action=maybe_recompile pc=0x00000000076f87ec method=com.android.tools.r8.s.b.s1.a(Lcom/android/tools/r8/s/a/p/u;)Lcom/android/tools/r8/s/b/s1; @ 12
Event: 1686.995 Thread 0x000000002af36000 Uncommon trap: reason=bimorphic action=maybe_recompile pc=0x00000000076ffd78 method=com.android.tools.r8.s.b.s1.a(Lcom/android/tools/r8/s/a/p/u;)Lcom/android/tools/r8/s/b/s1; @ 12
Event: 1687.291 Thread 0x000000002af36000 Uncommon trap: reason=unstable_if action=reinterpret pc=0x0000000007803e90 method=com.android.tools.r8.ir.conversion.o.b(Lcom/android/tools/r8/p/n/A;)Z @ 18
Event: 1687.920 Thread 0x000000002af33000 Uncommon trap: reason=unstable_if action=reinterpret pc=0x00000000074e4368 method=com.android.tools.r8.utils.T.d(Ljava/lang/String;)[Ljava/lang/String; @ 149
Event: 1687.947 Thread 0x000000002af33000 Uncommon trap: reason=unstable_if action=reinterpret pc=0x00000000079d38c8 method=com.android.tools.r8.graph.g0.computeEquals(Ljava/lang/Object;)Z @ 37
Event: 1688.324 Thread 0x000000002af33000 Uncommon trap: reason=class_check action=maybe_recompile pc=0x00000000079dabc8 method=com.android.tools.r8.s.a.h.e.b(Lcom/android/tools/r8/s/b/k0;)V @ 236
Event: 1688.324 Thread 0x000000002af33000 Uncommon trap: reason=bimorphic action=maybe_recompile pc=0x00000000079db920 method=com.android.tools.r8.s.a.h.e.b(Lcom/android/tools/r8/s/b/k0;)V @ 43
Event: 1688.388 Thread 0x000000002af36000 Uncommon trap: reason=unstable_if action=reinterpret pc=0x0000000007897188 method=com.android.tools.r8.ir.regalloc.b.compareTo(Ljava/lang/Object;)I @ 28
Event: 1689.041 Thread 0x000000002af36800 Uncommon trap: reason=unstable_if action=reinterpret pc=0x000000000790a008 method=com.android.tools.r8.ir.optimize.K.a(Lcom/android/tools/r8/s/b/k0;)Z @ 149

Classes redefined (0 events):
No events

Internal exceptions (10 events):
Event: 1676.699 Thread 0x000000002af36000 Exception <a 'sun/nio/fs/WindowsException'> (0x00000000e925b4b0) thrown at [C:\re\workspace\8-2-build-windows-amd64-cygwin\jdk8u231\13620\hotspot\src\share\vm\prims\jni.cpp, line 710]
Event: 1678.308 Thread 0x000000002af33000 Exception <a 'java/lang/NoSuchMethodError': java.lang.Object.lambda$maxBy$1(Ljava/util/Comparator;Ljava/lang/Object;Ljava/lang/Object;)Ljava/lang/Object;> (0x00000000e9953b00) thrown at [C:\re\workspace\8-2-build-windows-amd64-cygwin\jdk8u231\13620\hotspo
Event: 1678.308 Thread 0x000000002af36000 Exception <a 'java/lang/NoSuchMethodError': java.lang.Object.lambda$maxBy$1(Ljava/util/Comparator;Ljava/lang/Object;Ljava/lang/Object;)Ljava/lang/Object;> (0x00000000ea0ccb50) thrown at [C:\re\workspace\8-2-build-windows-amd64-cygwin\jdk8u231\13620\hotspo
Event: 1678.308 Thread 0x000000002af36800 Exception <a 'java/lang/NoSuchMethodError': java.lang.Object.lambda$maxBy$1(Ljava/util/Comparator;Ljava/lang/Object;Ljava/lang/Object;)Ljava/lang/Object;> (0x00000000ea101320) thrown at [C:\re\workspace\8-2-build-windows-amd64-cygwin\jdk8u231\13620\hotspo
Event: 1678.308 Thread 0x0000000019175000 Exception <a 'java/lang/NoSuchMethodError': java.lang.Object.lambda$maxBy$1(Ljava/util/Comparator;Ljava/lang/Object;Ljava/lang/Object;)Ljava/lang/Object;> (0x00000000e91ff2c0) thrown at [C:\re\workspace\8-2-build-windows-amd64-cygwin\jdk8u231\13620\hotspo
Event: 1686.890 Thread 0x000000002af36800 Exception <a 'sun/nio/fs/WindowsException'> (0x00000000ec1932e8) thrown at [C:\re\workspace\8-2-build-windows-amd64-cygwin\jdk8u231\13620\hotspot\src\share\vm\prims\jni.cpp, line 710]
Event: 1686.890 Thread 0x000000002af33000 Exception <a 'sun/nio/fs/WindowsException'> (0x00000000ec073e38) thrown at [C:\re\workspace\8-2-build-windows-amd64-cygwin\jdk8u231\13620\hotspot\src\share\vm\prims\jni.cpp, line 710]
Event: 1686.890 Thread 0x0000000019175000 Exception <a 'sun/nio/fs/WindowsException'> (0x00000000ec1677b0) thrown at [C:\re\workspace\8-2-build-windows-amd64-cygwin\jdk8u231\13620\hotspot\src\share\vm\prims\jni.cpp, line 710]
Event: 1687.789 Thread 0x000000002af33000 Exception <a 'sun/nio/fs/WindowsException'> (0x00000000e13655f0) thrown at [C:\re\workspace\8-2-build-windows-amd64-cygwin\jdk8u231\13620\hotspot\src\share\vm\prims\jni.cpp, line 710]
Event: 1688.805 Thread 0x000000002af36800 Exception <a 'sun/nio/fs/WindowsException'> (0x00000000e4a79aa0) thrown at [C:\re\workspace\8-2-build-windows-amd64-cygwin\jdk8u231\13620\hotspot\src\share\vm\prims\jni.cpp, line 710]

Events (10 events):
Event: 1688.853 loading class com/android/tools/r8/p/n/J done
Event: 1689.041 Thread 0x000000002af36800 Uncommon trap: trap_request=0xffffff65 fr.pc=0x000000000790a008
Event: 1689.041 Thread 0x000000002af36800 DEOPT PACKING pc=0x000000000790a008 sp=0x000000001ee9bc90
Event: 1689.041 Thread 0x000000002af36800 DEOPT UNPACKING pc=0x0000000002bf583b sp=0x000000001ee9bc50 mode 2
Event: 1689.065 loading class com/android/tools/r8/graph/X
Event: 1689.065 loading class com/android/tools/r8/graph/X done
Event: 1689.065 loading class com/android/tools/r8/ir/optimize/g0
Event: 1689.065 loading class com/android/tools/r8/ir/optimize/g0 done
Event: 1689.065 loading class com/android/tools/r8/graph/X
Event: 1689.065 loading class com/android/tools/r8/graph/X done


Dynamic libraries:
0x00007ff74bcc0000 - 0x00007ff74bcf7000 	C:\Program Files\Java\jdk1.8.0_231\bin\java.exe
0x00007ff8eaf20000 - 0x00007ff8eb0e2000 	C:\Windows\SYSTEM32\ntdll.dll
0x00007ff8ead50000 - 0x00007ff8eadfd000 	C:\Windows\system32\KERNEL32.DLL
0x00007ff8e8400000 - 0x00007ff8e85dd000 	C:\Windows\system32\KERNELBASE.dll
0x00007ff8eae70000 - 0x00007ff8eaf16000 	C:\Windows\system32\ADVAPI32.dll
0x00007ff8eacb0000 - 0x00007ff8ead4d000 	C:\Windows\system32\msvcrt.dll
0x00007ff8ea140000 - 0x00007ff8ea19b000 	C:\Windows\system32\sechost.dll
0x00007ff8ea1a0000 - 0x00007ff8ea2c6000 	C:\Windows\system32\RPCRT4.dll
0x00007ff8e8a00000 - 0x00007ff8e8b4e000 	C:\Windows\system32\USER32.dll
0x00007ff8eaab0000 - 0x00007ff8eac33000 	C:\Windows\system32\GDI32.dll
0x00007ff8d9980000 - 0x00007ff8d9bf4000 	C:\Windows\WinSxS\amd64_microsoft.windows.common-controls_6595b64144ccf1df_6.0.10240.17184_none_f41d7a705752bce6\COMCTL32.dll
0x00007ff8ea720000 - 0x00007ff8ea756000 	C:\Windows\system32\IMM32.DLL
0x00007ff8ea760000 - 0x00007ff8ea8bc000 	C:\Windows\system32\MSCTF.dll
0x00000000695d0000 - 0x00000000696a2000 	C:\Program Files\Java\jdk1.8.0_231\jre\bin\msvcr100.dll
0x0000000068d20000 - 0x00000000695c6000 	C:\Program Files\Java\jdk1.8.0_231\jre\bin\server\jvm.dll
0x00007ff8ea560000 - 0x00007ff8ea568000 	C:\Windows\system32\PSAPI.DLL
0x00007ff8de080000 - 0x00007ff8de089000 	C:\Windows\SYSTEM32\WSOCK32.dll
0x00007ff8e5e60000 - 0x00007ff8e5e83000 	C:\Windows\SYSTEM32\WINMM.dll
0x00007ff8de550000 - 0x00007ff8de55a000 	C:\Windows\SYSTEM32\VERSION.dll
0x00007ff8ea3a0000 - 0x00007ff8ea409000 	C:\Windows\system32\WS2_32.dll
0x00007ff8e8c00000 - 0x00007ff8e8c08000 	C:\Windows\system32\NSI.dll
0x00007ff8e5e30000 - 0x00007ff8e5e5c000 	C:\Windows\SYSTEM32\WINMMBASE.dll
0x00007ff8e83b0000 - 0x00007ff8e83f4000 	C:\Windows\system32\cfgmgr32.dll
0x00007ff8e6300000 - 0x00007ff8e6327000 	C:\Windows\SYSTEM32\DEVOBJ.dll
0x00007ff8e52f0000 - 0x00007ff8e52ff000 	C:\Program Files\Java\jdk1.8.0_231\jre\bin\verify.dll
0x00007ff8cc010000 - 0x00007ff8cc039000 	C:\Program Files\Java\jdk1.8.0_231\jre\bin\java.dll
0x00007ff8cbff0000 - 0x00007ff8cc006000 	C:\Program Files\Java\jdk1.8.0_231\jre\bin\zip.dll
0x00007ff8e8c10000 - 0x00007ff8ea133000 	C:\Windows\system32\SHELL32.dll
0x00007ff8e7cc0000 - 0x00007ff8e82e9000 	C:\Windows\system32\windows.storage.dll
0x00007ff8e86a0000 - 0x00007ff8e891c000 	C:\Windows\system32\combase.dll
0x00007ff8e85e0000 - 0x00007ff8e8631000 	C:\Windows\system32\shlwapi.dll
0x00007ff8e7980000 - 0x00007ff8e798f000 	C:\Windows\system32\kernel.appcore.dll
0x00007ff8e82f0000 - 0x00007ff8e83a3000 	C:\Windows\system32\shcore.dll
0x00007ff8e7990000 - 0x00007ff8e79da000 	C:\Windows\system32\powrprof.dll
0x00007ff8e7940000 - 0x00007ff8e7953000 	C:\Windows\system32\profapi.dll
0x00007ff8cc070000 - 0x00007ff8cc08a000 	C:\Program Files\Java\jdk1.8.0_231\jre\bin\net.dll
0x00007ff8e71b0000 - 0x00007ff8e720d000 	C:\Windows\system32\mswsock.dll
0x00007ff8cbfd0000 - 0x00007ff8cbfe2000 	C:\Program Files\Java\jdk1.8.0_231\jre\bin\nio.dll
0x00007ff8c6e70000 - 0x00007ff8c6e97000 	C:\native\f6784746aeab05261644944871eae4fe03e0ef1612fff0a4a95f87b438bc6780\windows-amd64\native-platform.dll
0x00007ff8e1640000 - 0x00007ff8e164d000 	C:\Program Files\Java\jdk1.8.0_231\jre\bin\management.dll
0x00007ff8e7210000 - 0x00007ff8e7227000 	C:\Windows\SYSTEM32\CRYPTSP.dll
0x00007ff8e7480000 - 0x00007ff8e74a8000 	C:\Windows\SYSTEM32\bcrypt.dll
0x00007ff8e6e60000 - 0x00007ff8e6e93000 	C:\Windows\system32\rsaenh.dll
0x00007ff8e6f50000 - 0x00007ff8e6f6f000 	C:\Windows\SYSTEM32\USERENV.dll
0x00007ff8e7790000 - 0x00007ff8e77fb000 	C:\Windows\system32\bcryptprimitives.dll
0x00007ff8e7380000 - 0x00007ff8e738b000 	C:\Windows\SYSTEM32\CRYPTBASE.dll
0x00007ff8e57d0000 - 0x00007ff8e5808000 	C:\Windows\SYSTEM32\IPHLPAPI.DLL
0x00007ff8e57c0000 - 0x00007ff8e57cb000 	C:\Windows\SYSTEM32\WINNSI.DLL
0x00007ff8e0e50000 - 0x00007ff8e0e66000 	C:\Windows\SYSTEM32\dhcpcsvc6.DLL
0x00007ff8e0e30000 - 0x00007ff8e0e4a000 	C:\Windows\SYSTEM32\dhcpcsvc.DLL
0x00007ff8cbf60000 - 0x00007ff8cbf84000 	C:\Program Files\Java\jdk1.8.0_231\jre\bin\sunec.dll
0x00007ff8e6fb0000 - 0x00007ff8e7058000 	C:\Windows\SYSTEM32\DNSAPI.dll
0x00007ff8df020000 - 0x00007ff8df02a000 	C:\Windows\System32\rasadhlp.dll
0x00007ff8e0410000 - 0x00007ff8e0478000 	C:\Windows\System32\fwpuclnt.dll
0x00007ff8e5e90000 - 0x00007ff8e5e9b000 	C:\Program Files\Java\jdk1.8.0_231\jre\bin\sunmscapi.dll
0x00007ff8e79e0000 - 0x00007ff8e7ba1000 	C:\Windows\system32\CRYPT32.dll
0x00007ff8e7960000 - 0x00007ff8e7971000 	C:\Windows\system32\MSASN1.dll
0x00007ff8e6ce0000 - 0x00007ff8e6d12000 	C:\Windows\SYSTEM32\ntmarta.dll
0x00007ff8cad70000 - 0x00007ff8caf0a000 	C:\Program Files\Java\jdk1.8.0_231\jre\bin\awt.dll
0x00007ff8ea2d0000 - 0x00007ff8ea392000 	C:\Windows\system32\OLEAUT32.dll
0x00007ff8e5f90000 - 0x00007ff8e6008000 	C:\Windows\system32\apphelp.dll
0x00007ff8e50b0000 - 0x00007ff8e50d2000 	C:\Windows\system32\DWMAPI.DLL
0x00007ff8e6220000 - 0x00007ff8e62b6000 	C:\Windows\system32\uxtheme.dll
0x00007ff8d57e0000 - 0x00007ff8d580a000 	C:\Program Files\Java\jdk1.8.0_231\jre\bin\dcpr.dll
0x00007ff8cbf40000 - 0x00007ff8cbf5e000 	C:\Users\user\AppData\Local\Temp\native-platform5299365085234143580dir\native-platform.dll

VM Arguments:
jvm_args: -Xmx1536m -Dfile.encoding=windows-1252 -Duser.country=US -Duser.language=en -Duser.variant 
java_command: org.gradle.launcher.daemon.bootstrap.GradleDaemon 6.5
java_class_path (initial): C:\wrapper\dists\gradle-6.5-all\2oz4ud9k3tuxjg84bbf55q0tn\gradle-6.5\lib\gradle-launcher-6.5.jar
Launcher Type: SUN_STANDARD

Environment Variables:
JAVA_HOME=C:\Program Files\Java\jdk1.8.0_231
PATH=C:\Windows\system32;C:\Windows;C:\Windows\System32\Wbem;C:\Windows\System32\WindowsPowerShell\v1.0\;C:\Program Files\Java\jdk-11.0.2\bin;C:\Program Files\Java\jdk1.8.0_231\bin;C:\Users\user\AppData\Local\Programs\Python\Python38;C:\Program Files\Git\cmd;C:\Program Files\Microsoft VS Code\bin;C:\Program Files\nodejs\;C\:\Users\\user\AppData\Local\Android\Sdk;C:\Users\user\AppData\Local\Android\Sdk\platform-tools;C:\Program Files\Java\jdk-11.0.2\bin;C:\Program Files\Java\jdk1.8.0_231\bin;C:\Users\user\AppData\Roaming\Dashlane\6.2007.0.32704\bin\Firefox_Extension\{442718d9-475e-452a-b3e1-fb1ee16b8e9f}\components;C:\Users\user\AppData\Roaming\Dashlane\6.2007.0.32704\ucrt;C:\Users\user\AppData\Roaming\Dashlane\6.2007.0.32704\bin\Qt;C:\Users\user\AppData\Roaming\Dashlane\6.2007.0.32704\bin\Ssl;C:\Users\user\AppData\Roaming\npm
USERNAME=JUST
OS=Windows_NT
PROCESSOR_IDENTIFIER=Intel64 Family 6 Model 69 Stepping 1, GenuineIntel



---------------  S Y S T E M  ---------------

OS: Windows 10.0 , 64 bit Build 10240 (10.0.10240.17113)

CPU:total 4 (initial active 4) (2 cores per cpu, 2 threads per core) family 6 model 69 stepping 1, cmov, cx8, fxsr, mmx, sse, sse2, sse3, ssse3, sse4.1, sse4.2, popcnt, avx, avx2, aes, clmul, erms, lzcnt, ht, tsc, tscinvbit, bmi1, bmi2

Memory: 4k page, physical 8068924k(2582168k free), swap 9469756k(3376k free)

vm_info: Java HotSpot(TM) 64-Bit Server VM (25.231-b11) for windows-amd64 JRE (1.8.0_231-b11), built on Oct  5 2019 03:11:30 by "java_re" with MS VC++ 10.0 (VS2010)

time: Wed Mar 03 13:28:48 2021
timezone: E. Africa Standard Time
elapsed time: 1689 seconds (0d 0h 28m 9s)

